nohup: ignoring input
2025-08-24 00:21:20: Starting Hive Metastore Server
Exception in thread "main" MetaException(message:Version information not found in metastore.)
	at org.apache.hadoop.hive.metastore.RetryingHMSHandler.<init>(RetryingHMSHandler.java:62)
	at java.base/jdk.internal.reflect.NativeConstructorAccessorImpl.newInstance0(Native Method)
	at java.base/jdk.internal.reflect.NativeConstructorAccessorImpl.newInstance(NativeConstructorAccessorImpl.java:77)
	at java.base/jdk.internal.reflect.DelegatingConstructorAccessorImpl.newInstance(DelegatingConstructorAccessorImpl.java:45)
	at java.base/java.lang.reflect.Constructor.newInstanceWithCaller(Constructor.java:500)
	at java.base/java.lang.reflect.Constructor.newInstance(Constructor.java:481)
	at org.apache.hadoop.hive.metastore.utils.JavaUtils.newInstance(JavaUtils.java:87)
	at org.apache.hadoop.hive.metastore.HMSHandlerProxyFactory.getProxy(HMSHandlerProxyFactory.java:43)
	at org.apache.hadoop.hive.metastore.HiveMetaStore.startBinaryMetastore(HiveMetaStore.java:554)
	at org.apache.hadoop.hive.metastore.HiveMetaStore.startMetaStore(HiveMetaStore.java:704)
	at org.apache.hadoop.hive.metastore.HiveMetaStore.main(HiveMetaStore.java:343)
	at java.base/jdk.internal.reflect.NativeMethodAccessorImpl.invoke0(Native Method)
	at java.base/jdk.internal.reflect.NativeMethodAccessorImpl.invoke(NativeMethodAccessorImpl.java:77)
	at java.base/jdk.internal.reflect.DelegatingMethodAccessorImpl.invoke(DelegatingMethodAccessorImpl.java:43)
	at java.base/java.lang.reflect.Method.invoke(Method.java:569)
	at org.apache.hadoop.util.RunJar.run(RunJar.java:330)
	at org.apache.hadoop.util.RunJar.main(RunJar.java:245)
Caused by: MetaException(message:Version information not found in metastore.)
	at org.apache.hadoop.hive.metastore.ObjectStore.checkSchema(ObjectStore.java:11486)
	at org.apache.hadoop.hive.metastore.ObjectStore.verifySchema(ObjectStore.java:11464)
	at java.base/jdk.internal.reflect.NativeMethodAccessorImpl.invoke0(Native Method)
	at java.base/jdk.internal.reflect.NativeMethodAccessorImpl.invoke(NativeMethodAccessorImpl.java:77)
	at java.base/jdk.internal.reflect.DelegatingMethodAccessorImpl.invoke(DelegatingMethodAccessorImpl.java:43)
	at java.base/java.lang.reflect.Method.invoke(Method.java:569)
	at org.apache.hadoop.hive.metastore.RawStoreProxy.invoke(RawStoreProxy.java:97)
	at jdk.proxy2/jdk.proxy2.$Proxy27.verifySchema(Unknown Source)
	at org.apache.hadoop.hive.metastore.HMSHandler.getMSForConf(HMSHandler.java:554)
	at org.apache.hadoop.hive.metastore.HMSHandler.getMS(HMSHandler.java:546)
	at org.apache.hadoop.hive.metastore.HMSHandler.createDefaultDB(HMSHandler.java:630)
	at org.apache.hadoop.hive.metastore.HMSHandler.init(HMSHandler.java:341)
	at java.base/jdk.internal.reflect.NativeMethodAccessorImpl.invoke0(Native Method)
	at java.base/jdk.internal.reflect.NativeMethodAccessorImpl.invoke(NativeMethodAccessorImpl.java:77)
	at java.base/jdk.internal.reflect.DelegatingMethodAccessorImpl.invoke(DelegatingMethodAccessorImpl.java:43)
	at java.base/java.lang.reflect.Method.invoke(Method.java:569)
	at org.apache.hadoop.hive.metastore.RetryingHMSHandler.invokeInternal(RetryingHMSHandler.java:91)
	at org.apache.hadoop.hive.metastore.AbstractHMSHandlerProxy.invoke(AbstractHMSHandlerProxy.java:82)
	at org.apache.hadoop.hive.metastore.RetryingHMSHandler.<init>(RetryingHMSHandler.java:58)
	... 16 more
